#
# There is insufficient memory for the Java Runtime Environment to continue.
# Native memory allocation (mmap) failed to map 260046848 bytes for Failed to commit area from 0x00000000e0000000 to 0x00000000ef800000 of length 260046848.
# Possible reasons:
#   The system is out of physical RAM or swap space
#   The process is running with CompressedOops enabled, and the Java Heap may be blocking the growth of the native heap
# Possible solutions:
#   Reduce memory load on the system
#   Increase physical memory or swap space
#   Check if swap backing store is full
#   Decrease Java heap size (-Xmx/-Xms)
#   Decrease number of Java threads
#   Decrease Java thread stack sizes (-Xss)
#   Set larger code cache with -XX:ReservedCodeCacheSize=
# This output file may be truncated or incomplete.
#
#  Out of Memory Error (t:/workspace/open/src/hotspot/os/windows/os_windows.cpp:3264), pid=15608, tid=18516
#
# JRE version:  (12.0.2+10) (build )
# Java VM: Java HotSpot(TM) 64-Bit Server VM (12.0.2+10, mixed mode, aot, sharing, tiered, compressed oops, g1 gc, windows-amd64)
# No core dump will be written. Minidumps are not enabled by default on client versions of Windows
#

---------------  S U M M A R Y ------------

Command Line: -XX:TieredStopAtLevel=1 -Xverify:none -Dspring.output.ansi.enabled=always -Dcom.sun.management.jmxremote -Dspring.jmx.enabled=true -Dspring.liveBeansView.mbeanDomain -Dspring.application.admin.enabled=true -javaagent:D:\Program Files\JetBrains\IntelliJ IDEA 2019.1.2\lib\idea_rt.jar=59064:D:\Program Files\JetBrains\IntelliJ IDEA 2019.1.2\bin -Dfile.encoding=UTF-8 -Xmx512M com.imenez.covid16tracker.CoronaVirusTrackerApplication

Host: Intel(R) Core(TM) i7-7500U CPU @ 2.70GHz, 4 cores, 15G,  Windows 10 , 64 bit Build 18362 (10.0.18362.329)
Time: Fri Jan 22 14:46:28 2021 Turkey Standard Time elapsed time: 0 seconds (0d 0h 0m 0s)

---------------  T H R E A D  ---------------

Current thread (0x00000139754dc000):  JavaThread "Unknown thread" [_thread_in_vm, id=18516, stack(0x0000001837000000,0x0000001837100000)]

Stack: [0x0000001837000000,0x0000001837100000]
Native frames: (J=compiled Java code, j=interpreted, Vv=VM code, C=native code)
V  [jvm.dll+0x63aa2a]
V  [jvm.dll+0x78ce1e]
V  [jvm.dll+0x78e4c1]
V  [jvm.dll+0x78eb13]
V  [jvm.dll+0x2627e8]
V  [jvm.dll+0x637f5a]
V  [jvm.dll+0x62c845]
V  [jvm.dll+0x31e49c]
V  [jvm.dll+0x31e2cf]
V  [jvm.dll+0x324006]
V  [jvm.dll+0x371f56]
V  [jvm.dll+0x371720]
V  [jvm.dll+0x2f845a]
V  [jvm.dll+0x2f96d2]
V  [jvm.dll+0x767267]
V  [jvm.dll+0x7689f5]
V  [jvm.dll+0x380059]
V  [jvm.dll+0x74b794]
V  [jvm.dll+0x3ef5cd]
V  [jvm.dll+0x3f1471]
C  [jli.dll+0x51cf]
C  [ucrtbase.dll+0x20e72]
C  [KERNEL32.DLL+0x17bd4]
C  [ntdll.dll+0x6ced1]


---------------  P R O C E S S  ---------------

Threads class SMR info:
_java_thread_list=0x00007ffffca17928, length=0, elements={
}

Java Threads: ( => current thread )

Other Threads:
  0x00000139754ff000 GCTaskThread "GC Thread#0" [stack: 0x0000001837100000,0x0000001837200000] [id=13516]
  0x0000013975503800 ConcurrentGCThread "G1 Main Marker" [stack: 0x0000001837200000,0x0000001837300000] [id=18276]
  0x0000013975507000 ConcurrentGCThread "G1 Conc#0" [stack: 0x0000001837300000,0x0000001837400000] [id=26516]

[error occurred during error reporting (printing all threads), id 0xc0000005, EXCEPTION_ACCESS_VIOLATION (0xc0000005) at pc=0x00007ffffc2485e7]

VM state:not at safepoint (not fully initialized)

VM Mutex/Monitor currently owned by a thread:  ([mutex/lock_event])
[0x00000139754d9550] Heap_lock - owner thread: 0x00000139754dc000

Heap address: 0x00000000e0000000, size: 512 MB, Compressed Oops mode: Non-zero based: 0x00000000e0000000
Narrow klass base: 0x0000000000000000, Narrow klass shift: 0

GC Heap History (0 events):
No events

Deoptimization events (0 events):
No events

Classes redefined (0 events):
No events

Internal exceptions (0 events):
No events

Events (0 events):
No events


Dynamic libraries:
0x00007ff71a770000 - 0x00007ff71a77f000 	D:\Java\jdk-12.0.2\bin\java.exe
0x00007ff83bba0000 - 0x00007ff83bd90000 	C:\WINDOWS\SYSTEM32\ntdll.dll
0x00007ff83a750000 - 0x00007ff83a802000 	C:\WINDOWS\System32\KERNEL32.DLL
0x00007ff8398c0000 - 0x00007ff839b63000 	C:\WINDOWS\System32\KERNELBASE.dll
0x00007ff8397c0000 - 0x00007ff8398ba000 	C:\WINDOWS\System32\ucrtbase.dll
0x00007ff832490000 - 0x00007ff8324a8000 	D:\Java\jdk-12.0.2\bin\jli.dll
0x00007ff83a600000 - 0x00007ff83a6a3000 	C:\WINDOWS\System32\ADVAPI32.dll
0x00007ff83a6b0000 - 0x00007ff83a74e000 	C:\WINDOWS\System32\msvcrt.dll
0x00007ff83a470000 - 0x00007ff83a507000 	C:\WINDOWS\System32\sechost.dll
0x00007ff839d30000 - 0x00007ff839e50000 	C:\WINDOWS\System32\RPCRT4.dll
0x00007ff83a870000 - 0x00007ff83aa04000 	C:\WINDOWS\System32\USER32.dll
0x00007ff839b70000 - 0x00007ff839b91000 	C:\WINDOWS\System32\win32u.dll
0x00007ff83a100000 - 0x00007ff83a126000 	C:\WINDOWS\System32\GDI32.dll
0x00007ff839600000 - 0x00007ff839794000 	C:\WINDOWS\System32\gdi32full.dll
0x00007ff838c10000 - 0x00007ff838cae000 	C:\WINDOWS\System32\msvcp_win.dll
0x00007ff832440000 - 0x00007ff832456000 	D:\Java\jdk-12.0.2\bin\VCRUNTIME140.dll
0x00007ff82a510000 - 0x00007ff82a795000 	C:\WINDOWS\WinSxS\amd64_microsoft.windows.common-controls_6595b64144ccf1df_6.0.18362.535_none_e6c3b34713100821\COMCTL32.dll
0x00007ff83a130000 - 0x00007ff83a466000 	C:\WINDOWS\System32\combase.dll
0x00007ff838b90000 - 0x00007ff838c10000 	C:\WINDOWS\System32\bcryptPrimitives.dll
0x00007ff82be10000 - 0x00007ff82be1a000 	C:\WINDOWS\SYSTEM32\VERSION.dll
0x00007ff83b840000 - 0x00007ff83b86e000 	C:\WINDOWS\System32\IMM32.DLL
0x00007ff829780000 - 0x00007ff82982a000 	D:\Java\jdk-12.0.2\bin\msvcp140.dll
0x00007ffffbf40000 - 0x00007ffffcab7000 	D:\Java\jdk-12.0.2\bin\server\jvm.dll
0x00007ff839fb0000 - 0x00007ff839fb8000 	C:\WINDOWS\System32\PSAPI.DLL
0x00007ff821af0000 - 0x00007ff821af9000 	C:\WINDOWS\SYSTEM32\WSOCK32.dll
0x00007ff83a590000 - 0x00007ff83a5ff000 	C:\WINDOWS\System32\WS2_32.dll
0x00007ff832600000 - 0x00007ff832624000 	C:\WINDOWS\SYSTEM32\WINMM.dll
0x00007ff8325b0000 - 0x00007ff8325dd000 	C:\WINDOWS\SYSTEM32\WINMMBASE.dll
0x00007ff838cb0000 - 0x00007ff838cfa000 	C:\WINDOWS\System32\cfgmgr32.dll
0x00007ff838a80000 - 0x00007ff838a91000 	C:\WINDOWS\System32\kernel.appcore.dll
0x00007ff832380000 - 0x00007ff832391000 	D:\Java\jdk-12.0.2\bin\verify.dll
0x00007ff823130000 - 0x00007ff823324000 	C:\WINDOWS\SYSTEM32\DBGHELP.DLL
0x00007ff823100000 - 0x00007ff82312a000 	C:\WINDOWS\SYSTEM32\dbgcore.DLL
0x00007ff8296f0000 - 0x00007ff829716000 	D:\Java\jdk-12.0.2\bin\java.dll
0x00007ff8354d0000 - 0x00007ff8354de000 	D:\Java\jdk-12.0.2\bin\instrument.dll
0x00007ff829740000 - 0x00007ff829757000 	D:\Java\jdk-12.0.2\bin\zip.dll
0x00007ff835440000 - 0x00007ff83544a000 	D:\Java\jdk-12.0.2\bin\jimage.dll

dbghelp: loaded successfully - version: 4.0.5 - missing functions: none
symbol engine: initialized successfully - sym options: 0x614 - pdb path: .;D:\Java\jdk-12.0.2\bin;C:\WINDOWS\SYSTEM32;C:\WINDOWS\WinSxS\amd64_microsoft.windows.common-controls_6595b64144ccf1df_6.0.18362.535_none_e6c3b34713100821;D:\Java\jdk-12.0.2\bin\server

VM Arguments:
jvm_args: -XX:TieredStopAtLevel=1 -Xverify:none -Dspring.output.ansi.enabled=always -Dcom.sun.management.jmxremote -Dspring.jmx.enabled=true -Dspring.liveBeansView.mbeanDomain -Dspring.application.admin.enabled=true -javaagent:D:\Program Files\JetBrains\IntelliJ IDEA 2019.1.2\lib\idea_rt.jar=59064:D:\Program Files\JetBrains\IntelliJ IDEA 2019.1.2\bin -Dfile.encoding=UTF-8 -Xmx512M 
java_command: com.imenez.covid16tracker.CoronaVirusTrackerApplication
java_class_path (initial): C:\Users\Yusuf\Desktop\covid19-tracker\target\classes;C:\Users\Yusuf\.m2\repository\org\springframework\boot\spring-boot-starter-thymeleaf\2.2.5.RELEASE\spring-boot-starter-thymeleaf-2.2.5.RELEASE.jar;C:\Users\Yusuf\.m2\repository\org\springframework\boot\spring-boot-starter\2.2.5.RELEASE\spring-boot-starter-2.2.5.RELEASE.jar;C:\Users\Yusuf\.m2\repository\org\springframework\boot\spring-boot-starter-logging\2.2.5.RELEASE\spring-boot-starter-logging-2.2.5.RELEASE.jar;C:\Users\Yusuf\.m2\repository\ch\qos\logback\logback-classic\1.2.3\logback-classic-1.2.3.jar;C:\Users\Yusuf\.m2\repository\ch\qos\logback\logback-core\1.2.3\logback-core-1.2.3.jar;C:\Users\Yusuf\.m2\repository\org\apache\logging\log4j\log4j-to-slf4j\2.12.1\log4j-to-slf4j-2.12.1.jar;C:\Users\Yusuf\.m2\repository\org\slf4j\jul-to-slf4j\1.7.30\jul-to-slf4j-1.7.30.jar;C:\Users\Yusuf\.m2\repository\jakarta\annotation\jakarta.annotation-api\1.3.5\jakarta.annotation-api-1.3.5.jar;C:\Users\Yusuf\.m2\repository\org\yaml\snakeyaml\1.25\snakeyaml-1.25.jar;C:\Users\Yusuf\.m2\repository\org\thymeleaf\thymeleaf-spring5\3.0.11.RELEASE\thymeleaf-spring5-3.0.11.RELEASE.jar;C:\Users\Yusuf\.m2\repository\org\thymeleaf\thymeleaf\3.0.11.RELEASE\thymeleaf-3.0.11.RELEASE.jar;C:\Users\Yusuf\.m2\repository\org\attoparser\attoparser\2.0.5.RELEASE\attoparser-2.0.5.RELEASE.jar;C:\Users\Yusuf\.m2\repository\org\unbescape\unbescape\1.1.6.RELEASE\unbescape-1.1.6.RELEASE.jar;C:\Users\Yusuf\.m2\repository\org\thymeleaf\extras\thymeleaf-extras-java8time\3.0.4.RELEASE\thymeleaf-extras-java8time-3.0.4.RELEASE.jar;C:\Users\Yusuf\.m2\repository\org\springframework\boot\spring-boot-starter-web\2.2.5.RELEASE\spring-boot-starter-web-2.2.5.RELEASE.jar;C:\Users\Yusuf\.m2\repository\org\springframework\boot\spring-boot-starter-json\2.2.5.RELEASE\spring-boot-starter-json-2.2.5.RELEASE.jar;C:\Users\Yusuf\.m2\repository\com\fasterxml\jackson\datatype\jackson-datatype-jdk8\2.10.2\jackson-datatype-jdk8-2.10.2.jar;C:\Users\Y
Launcher Type: SUN_STANDARD

[Global flags]
     bool BytecodeVerificationLocal                = false                                     {product} {command line}
     bool BytecodeVerificationRemote               = false                                     {product} {command line}
     intx CICompilerCount                          = 3                                         {product} {ergonomic}
     uint ConcGCThreads                            = 1                                         {product} {ergonomic}
     uint G1ConcRefinementThreads                  = 4                                         {product} {ergonomic}
   size_t G1HeapRegionSize                         = 1048576                                   {product} {ergonomic}
    uintx GCDrainStackTargetSize                   = 64                                        {product} {ergonomic}
   size_t InitialHeapSize                          = 260046848                                 {product} {ergonomic}
     bool ManagementServer                         = true                                      {product} {command line}
   size_t MarkStackSize                            = 4194304                                   {product} {ergonomic}
   size_t MaxHeapSize                              = 536870912                                 {product} {command line}
   size_t MinHeapDeltaBytes                        = 1048576                                   {product} {ergonomic}
    uintx NonNMethodCodeHeapSize                   = 6973028                                {pd product} {ergonomic}
    uintx NonProfiledCodeHeapSize                  = 244685212                              {pd product} {ergonomic}
    uintx ProfiledCodeHeapSize                     = 0                                      {pd product} {ergonomic}
    uintx ReservedCodeCacheSize                    = 251658240                              {pd product} {ergonomic}
     bool SegmentedCodeCache                       = true                                      {product} {ergonomic}
     intx TieredStopAtLevel                        = 1                                         {product} {command line}
     bool UseCompressedClassPointers               = true                                 {lp64_product} {ergonomic}
     bool UseCompressedOops                        = true                                 {lp64_product} {ergonomic}
     bool UseG1GC                                  = true                                      {product} {ergonomic}
     bool UseLargePagesIndividualAllocation        = false                                  {pd product} {ergonomic}

Logging:
Log output configuration:
 #0: stdout all=warning uptime,level,tags
 #1: stderr all=off uptime,level,tags

Environment Variables:
JAVA_HOME=C:\Program Files\Java\jdk1.8.0_162\
_JAVA_OPTIONS=-Xmx512M
CLASSPATH=D:\tibcoBW514\tibrv\8.4\lib\tibrvnative.jar;C:\Program Files\IBM\WebSphere MQ\java\lib\com.ibm.mqjms.jar;C:\Program Files\IBM\WebSphere MQ\java\lib\com.ibm.mq.jar
PATH=D:\tibcoBW514\tibrv\8.4\bin;C:\ProgramData\Oracle\Java\javapath;C:\WINDOWS\system32;C:\WINDOWS;C:\WINDOWS\System32\Wbem;C:\WINDOWS\System32\WindowsPowerShell\v1.0\;D:\shorcuts;C:\Program Files\IBM\WebSphere MQ\bin64;C:\Program Files\IBM\WebSphere MQ\bin;C:\Program Files\IBM\WebSphere MQ\tools\c\samples\bin;C:\WINDOWS\System32\OpenSSH\;C:\Program Files\Microsoft SQL Server\Client SDK\ODBC\130\Tools\Binn\;C:\Program Files (x86)\Microsoft SQL Server\140\Tools\Binn\;C:\Program Files\Microsoft SQL Server\140\Tools\Binn\;C:\Program Files\Microsoft SQL Server\140\DTS\Binn\;C:\Program Files (x86)\Microsoft SQL Server\Client SDK\ODBC\130\Tools\Binn\;C:\Program Files (x86)\Microsoft SQL Server\140\DTS\Binn\;C:\Program Files (x86)\Microsoft SQL Server\140\Tools\Binn\ManagementStudio\;C:\Program Files\TortoiseGit\bin;C:\Users\Yusuf\AppData\Local\Programs\Python\Python37-32;C:\Users\Yusuf\AppData\Local\Programs\Python\Python37-32\Scripts;D:\Program Files\nodejs\;C:\WINDOWS\system32;C:\WINDOWS;C:\WINDOWS\System32\Wbem;C:\WINDOWS\System32\WindowsPowerShell\v1.0\;C:\WINDOWS\System32\OpenSSH\;C:\Program Files\Git\cmd;D:\apache-maven-3.6.3\bin;;C:\Program Files\Docker\Docker\resources\bin;C:\ProgramData\DockerDesktop\version-bin;C:\Users\Yusuf\AppData\Local\Microsoft\WindowsApps;C:\Users\Yusuf\AppData\Local\Programs\Microsoft VS Code\bin;C:\Users\Yusuf\AppData\Roaming\npm;C:\Users\Yusuf\AppData\Local\GitHubDesktop\bin
USERNAME=Yusuf
OS=Windows_NT
PROCESSOR_IDENTIFIER=Intel64 Family 6 Model 142 Stepping 9, GenuineIntel



---------------  S Y S T E M  ---------------

OS: Windows 10 , 64 bit Build 18362 (10.0.18362.329)

CPU:total 4 (initial active 4) (2 cores per cpu, 2 threads per core) family 6 model 142 stepping 9, cmov, cx8, fxsr, mmx, sse, sse2, sse3, ssse3, sse4.1, sse4.2, popcnt, avx, avx2, aes, clmul, erms, 3dnowpref, lzcnt, ht, tsc, tscinvbit, bmi1, bmi2, adx, fma

Memory: 4k page, system-wide physical 15830M (2750M free)
TotalPageFile size 19926M (AvailPageFile size 226M)
current process WorkingSet (physical memory assigned to process): 10M, peak: 10M
current process commit charge ("private bytes"): 49M, peak: 297M

vm_info: Java HotSpot(TM) 64-Bit Server VM (12.0.2+10) for windows-amd64 JRE (12.0.2+10), built on Jul 16 2019 01:56:17 by "mach5one" with MS VC++ 15.5 (VS2017)

END.
